<?xml version="1.0" encoding="UTF-8"?>
<!-- Generated by org.testng.reporters.JUnitReportReporter -->
<testsuite hostname="DESKTOP-CEB49JQ" failures="0" tests="1" name="BaseLiabrary.OpenWebUrl" time="19.632" errors="0" timestamp="2024-06-25T22:56:59 IST" skipped="0">
  <testcase classname="BaseLiabrary.OpenWebUrl" name="launchUrl" time="19.632"/>
</testsuite> <!-- BaseLiabrary.OpenWebUrl -->
